<?xml version="1.0" encoding="UTF-8"?>
<!-- Generated by org.testng.reporters.JUnitXMLReporter -->
<testsuite hostname="Ezequiels-MacBook-Pro.local" ignored="0" name="Default test" tests="1" failures="1" timestamp="22 Mar 2018 20:04:31 GMT" time="8.909" errors="0">
  <testcase name="search" time="3.594" classname="tests.ClickFirstEntry">
    <failure type="org.openqa.selenium.NoSuchElementException" message="Unable to find element with xpath == /html/body[@id=&amp;apos;gsr&amp;apos;]/div[@id=&amp;apos;main&amp;apos;]/div[@id=&amp;apos;cnt&amp;apos;]/div[@class=&amp;apos;mw&amp;apos;][2]/div[@id=&amp;apos;rcnt&amp;apos;]/div[@class=&amp;apos;col&amp;apos;][1]/div[@id=&amp;apos;center_col&amp;apos;]/div[@id=&amp;apos;res&amp;apos;]/div[@id=&amp;apos;search&amp;apos;]/div/div[@id=&amp;apos;ires&amp;apos;]/div[@id=&amp;apos;rso&amp;apos;]/div[@class=&amp;apos;bkWMgd&amp;apos;][1]/div[@class=&amp;apos;srg&amp;apos;]/div[@class=&amp;apos;g&amp;apos;][1]/div/div[@class=&amp;apos;rc&amp;apos;]/h3[@class=&amp;apos;r&amp;apos;]/a
For documentation on this error, please visit: http://seleniumhq.org/exceptions/no_such_element.html
Build info: version: &amp;apos;3.11.0&amp;apos;, revision: &amp;apos;e59cfb3&amp;apos;, time: &amp;apos;2018-03-11T20:33:08.638Z&amp;apos;
System info: host: &amp;apos;Ezequiels-MacBook-Pro.local&amp;apos;, ip: &amp;apos;fe80:0:0:0:42c:4cde:21fe:3995%en0&amp;apos;, os.name: &amp;apos;Mac OS X&amp;apos;, os.arch: &amp;apos;x86_64&amp;apos;, os.version: &amp;apos;10.13.3&amp;apos;, java.version: &amp;apos;1.8.0_161&amp;apos;
Driver info: org.openqa.selenium.remote.RemoteWebDriver
Capabilities {acceptInsecureCerts: false, browserName: internet explorer, browserVersion: 11, javascriptEnabled: true, pageLoadStrategy: normal, platform: WINDOWS, platformName: WINDOWS, proxy: Proxy(), se:ieOptions: {browserAttachTimeout: 0, elementScrollBehavior: 0, enablePersistentHover: true, ie.browserCommandLineSwitches: , ie.ensureCleanSession: false, ie.fileUploadDialogTimeout: 3000, ie.forceCreateProcessApi: false, ignoreProtectedModeSettings: false, ignoreZoomSetting: false, initialBrowserUrl: http://localhost:21568/, nativeEvents: true, requireWindowFocus: false}, setWindowRect: true, timeouts: {implicit: 0, pageLoad: 300000, script: 30000}, webdriver.remote.sessionid: 6a5457e2-8a80-47eb-8556-14b...}
Session ID: 6a5457e2-8a80-47eb-8556-14b5a2164e7f
*** Element info: {Using=xpath, value=/html/body[@id=&amp;apos;gsr&amp;apos;]/div[@id=&amp;apos;main&amp;apos;]/div[@id=&amp;apos;cnt&amp;apos;]/div[@class=&amp;apos;mw&amp;apos;][2]/div[@id=&amp;apos;rcnt&amp;apos;]/div[@class=&amp;apos;col&amp;apos;][1]/div[@id=&amp;apos;center_col&amp;apos;]/div[@id=&amp;apos;res&amp;apos;]/div[@id=&amp;apos;search&amp;apos;]/div/div[@id=&amp;apos;ires&amp;apos;]/div[@id=&amp;apos;rso&amp;apos;]/div[@class=&amp;apos;bkWMgd&amp;apos;][1]/div[@class=&amp;apos;srg&amp;apos;]/div[@class=&amp;apos;g&amp;apos;][1]/div/div[@class=&amp;apos;rc&amp;apos;]/h3[@class=&amp;apos;r&amp;apos;]/a}">
      <![CDATA[org.openqa.selenium.NoSuchElementException: Unable to find element with xpath == /html/body[@id='gsr']/div[@id='main']/div[@id='cnt']/div[@class='mw'][2]/div[@id='rcnt']/div[@class='col'][1]/div[@id='center_col']/div[@id='res']/div[@id='search']/div/div[@id='ires']/div[@id='rso']/div[@class='bkWMgd'][1]/div[@class='srg']/div[@class='g'][1]/div/div[@class='rc']/h3[@class='r']/a
For documentation on this error, please visit: http://seleniumhq.org/exceptions/no_such_element.html
Build info: version: '3.11.0', revision: 'e59cfb3', time: '2018-03-11T20:33:08.638Z'
System info: host: 'Ezequiels-MacBook-Pro.local', ip: 'fe80:0:0:0:42c:4cde:21fe:3995%en0', os.name: 'Mac OS X', os.arch: 'x86_64', os.version: '10.13.3', java.version: '1.8.0_161'
Driver info: org.openqa.selenium.remote.RemoteWebDriver
Capabilities {acceptInsecureCerts: false, browserName: internet explorer, browserVersion: 11, javascriptEnabled: true, pageLoadStrategy: normal, platform: WINDOWS, platformName: WINDOWS, proxy: Proxy(), se:ieOptions: {browserAttachTimeout: 0, elementScrollBehavior: 0, enablePersistentHover: true, ie.browserCommandLineSwitches: , ie.ensureCleanSession: false, ie.fileUploadDialogTimeout: 3000, ie.forceCreateProcessApi: false, ignoreProtectedModeSettings: false, ignoreZoomSetting: false, initialBrowserUrl: http://localhost:21568/, nativeEvents: true, requireWindowFocus: false}, setWindowRect: true, timeouts: {implicit: 0, pageLoad: 300000, script: 30000}, webdriver.remote.sessionid: 6a5457e2-8a80-47eb-8556-14b...}
Session ID: 6a5457e2-8a80-47eb-8556-14b5a2164e7f
*** Element info: {Using=xpath, value=/html/body[@id='gsr']/div[@id='main']/div[@id='cnt']/div[@class='mw'][2]/div[@id='rcnt']/div[@class='col'][1]/div[@id='center_col']/div[@id='res']/div[@id='search']/div/div[@id='ires']/div[@id='rso']/div[@class='bkWMgd'][1]/div[@class='srg']/div[@class='g'][1]/div/div[@class='rc']/h3[@class='r']/a}
at sun.reflect.NativeConstructorAccessorImpl.newInstance0(Native Method)
at sun.reflect.NativeConstructorAccessorImpl.newInstance(NativeConstructorAccessorImpl.java:62)
at sun.reflect.DelegatingConstructorAccessorImpl.newInstance(DelegatingConstructorAccessorImpl.java:45)
at java.lang.reflect.Constructor.newInstance(Constructor.java:423)
at org.openqa.selenium.remote.http.W3CHttpResponseCodec.createException(W3CHttpResponseCodec.java:187)
at org.openqa.selenium.remote.http.W3CHttpResponseCodec.decode(W3CHttpResponseCodec.java:122)
at org.openqa.selenium.remote.http.W3CHttpResponseCodec.decode(W3CHttpResponseCodec.java:49)
at org.openqa.selenium.remote.HttpCommandExecutor.execute(HttpCommandExecutor.java:158)
at org.openqa.selenium.remote.RemoteWebDriver.execute(RemoteWebDriver.java:545)
at org.openqa.selenium.remote.RemoteWebDriver.findElement(RemoteWebDriver.java:319)
at org.openqa.selenium.remote.RemoteWebDriver.findElementByXPath(RemoteWebDriver.java:421)
at org.openqa.selenium.By$ByXPath.findElement(By.java:361)
at org.openqa.selenium.remote.RemoteWebDriver.findElement(RemoteWebDriver.java:311)
at tests.ClickFirstEntry.search(ClickFirstEntry.java:36)
at sun.reflect.NativeMethodAccessorImpl.invoke0(Native Method)
at sun.reflect.NativeMethodAccessorImpl.invoke(NativeMethodAccessorImpl.java:62)
at sun.reflect.DelegatingMethodAccessorImpl.invoke(DelegatingMethodAccessorImpl.java:43)
at java.lang.reflect.Method.invoke(Method.java:498)
at org.testng.internal.MethodInvocationHelper.invokeMethod(MethodInvocationHelper.java:124)
at org.testng.internal.Invoker.invokeMethod(Invoker.java:580)
at org.testng.internal.Invoker.invokeTestMethod(Invoker.java:716)
at org.testng.internal.Invoker.invokeTestMethods(Invoker.java:988)
at org.testng.internal.TestMethodWorker.invokeTestMethods(TestMethodWorker.java:125)
at org.testng.internal.TestMethodWorker.run(TestMethodWorker.java:109)
at org.testng.TestRunner.privateRun(TestRunner.java:648)
at org.testng.TestRunner.run(TestRunner.java:505)
at org.testng.SuiteRunner.runTest(SuiteRunner.java:455)
at org.testng.SuiteRunner.runSequentially(SuiteRunner.java:450)
at org.testng.SuiteRunner.privateRun(SuiteRunner.java:415)
at org.testng.SuiteRunner.run(SuiteRunner.java:364)
at org.testng.SuiteRunnerWorker.runSuite(SuiteRunnerWorker.java:52)
at org.testng.SuiteRunnerWorker.run(SuiteRunnerWorker.java:84)
at org.testng.TestNG.runSuitesSequentially(TestNG.java:1208)
at org.testng.TestNG.runSuitesLocally(TestNG.java:1137)
at org.testng.TestNG.runSuites(TestNG.java:1049)
at org.testng.TestNG.run(TestNG.java:1017)
at org.testng.remote.AbstractRemoteTestNG.run(AbstractRemoteTestNG.java:114)
at org.testng.remote.RemoteTestNG.initAndRun(RemoteTestNG.java:251)
at org.testng.remote.RemoteTestNG.main(RemoteTestNG.java:77)
]]>
    </failure>
  </testcase> <!-- search -->
</testsuite> <!-- Default test -->
